********************************************************************************
DUPLICATOR-LITE PACKAGE-LOG: July 27, 2018 5:31 am
NOTICE: Do NOT post to public sites or forums 
********************************************************************************
VERSION:	1.2.40
WORDPRESS:	4.9.7
PHP INFO:	5.6.35 | SAPI: apache2handler
SERVER:		Apache/2.4.33 (Win64) PHP/5.6.35 
PHP TIME LIMIT: (0) no time limit imposed 
PHP MAX MEMORY: 2048M (128M default) 
MEMORY STACK: 39.25MB 

********************************************************************************
DATABASE:
********************************************************************************
BUILD MODE:   PHP(query limit - 100)
MYSQLTIMEOUT: 5000
MYSQLDUMP:    Not Supported 
TABLES: total:13 | filtered:0 | create:13 
FILTERED: [] 
SQL CREATED: mesforum_ebc7b0b8a67c4d2f7878180727053136_database.sql 
SQL FILE SIZE: 435.83KB (446292) 
SQL FILE TIME: 2018-07-27 05:31:54 
SQL RUNTIME: 0.73 sec. 

******************************************************************************** 
ARCHIVE (ZIP): 
******************************************************************************** 
ARCHIVE DIR:  C:/wamp64/www/MES 
ARCHIVE FILE: mesforum_ebc7b0b8a67c4d2f7878180727053136_archive.zip 
FILTERS: *OFF* 
DIRS:
	not set 
FILES:
	not set 
EXTS:  not set 
---------------------------------------- 
COMPRESSING 
SIZE:	42.22MB 
STATS:	Dirs 440 | Files 2,334 
SQL ADDED: mesforum_ebc7b0b8a67c4d2f7878180727053136_database.sql 
ZipArchive Object
(
    [status] => 0
    [statusSys] => 0
    [numFiles] => 2774
    [filename] => C:\wamp64\www\MES\wp-snapshots\tmp\mesforum_ebc7b0b8a67c4d2f7878180727053136_archive.zip
    [comment] => 
)
 
COMPRESSION RESULT: '1' 
COMPRESSED SIZE: 19.84MB 
ARCHIVE RUNTIME: 60.71 sec. 
MEMORY STACK: 40.25MB 

******************************************************************************** 
MAKE INSTALLER: 
******************************************************************************** 
Build Start 
Build Finished 
Preping for use 
PACK SIZE:  
Template parsed with new data 
Complete [C:/wamp64/www/MES/wp-snapshots/tmp/mesforum_ebc7b0b8a67c4d2f7878180727053136_installer.php] 
Added to archive 

******************************************************************************** 
INTEGRITY CHECKS: 
******************************************************************************** 
SQL File: 435.83KB 
Installer File: 445.83KB 
Archive File: 19.84MB  

********************************************************************************
RECORD ID:[1]
TOTAL PROCESS RUNTIME: 71.62 sec.
PEAK PHP MEMORY USED: 42.75MB
DONE PROCESSING => mesforum July 27, 2018 5:33 am
 
